<?xml version="1.0" encoding="UTF-8"?>
<!-- Generated by org.testng.reporters.JUnitXMLReporter -->
<testsuite ignored="0" hostname="DESKTOP-B7LJT49" failures="0" tests="3" name="ChromeTests" time="9.621" errors="0" timestamp="2025-07-03T21:04:23 CEST">
  <testcase classname="tests.LoginTest" name="verfiyPageTitle" time="0.721"/>
  <testcase classname="tests.LoginTest" name="verifyLoginPageHeader" time="0.055"/>
  <testcase classname="tests.LoginTest" name="verifyLoginPage" time="0.817"/>
</testsuite> <!-- ChromeTests -->
