<?xml version="1.0" encoding="UTF-8"?>
<!-- Generated by org.testng.reporters.JUnitXMLReporter -->
<testsuite ignored="0" hostname="DESKTOP-B7LJT49" failures="0" tests="3" name="FirefoxTests" time="21.97" errors="0" timestamp="2025-07-03T21:04:35 CEST">
  <testcase classname="tests.LoginTest" name="verfiyPageTitle" time="0.005"/>
  <testcase classname="tests.LoginTest" name="verifyLoginPageHeader" time="0.034"/>
  <testcase classname="tests.LoginTest" name="verifyLoginPage" time="0.693"/>
</testsuite> <!-- FirefoxTests -->
