<?xml version="1.0" encoding="UTF-8"?>
<testng-results ignored="0" total="6" passed="6" failed="0" skipped="0">
  <reporter-output>
  </reporter-output>
  <suite started-at="2025-07-03T21:04:13 CEST" name="CrossBrowserUITests" finished-at="2025-07-03T21:04:35 CEST" duration-ms="21970">
    <groups>
    </groups>
    <test started-at="2025-07-03T21:04:13 CEST" name="ChromeTests" finished-at="2025-07-03T21:04:23 CEST" duration-ms="9621">
      <class name="tests.LoginTest">
        <test-method is-config="true" signature="setUpDriver(java.lang.String)[pri:0, instance:tests.LoginTest@123ef382]" started-at="2025-07-03T21:04:13 CEST" name="setUpDriver" finished-at="2025-07-03T21:04:16 CEST" duration-ms="2672" status="PASS">
          <params>
            <param index="0">
              <value>
                <![CDATA[chrome]]>
              </value>
            </param>
          </params>
          <reporter-output>
          </reporter-output>
        </test-method> <!-- setUpDriver -->
        <test-method signature="verfiyPageTitle()[pri:1, instance:tests.LoginTest@123ef382]" started-at="2025-07-03T21:04:16 CEST" name="verfiyPageTitle" finished-at="2025-07-03T21:04:16 CEST" duration-ms="721" status="PASS">
          <reporter-output>
          </reporter-output>
        </test-method> <!-- verfiyPageTitle -->
        <test-method is-config="true" signature="tearDown()[pri:0, instance:tests.LoginTest@123ef382]" started-at="2025-07-03T21:04:17 CEST" name="tearDown" finished-at="2025-07-03T21:04:17 CEST" duration-ms="302" status="PASS">
          <reporter-output>
          </reporter-output>
        </test-method> <!-- tearDown -->
        <test-method is-config="true" signature="setUpDriver(java.lang.String)[pri:0, instance:tests.LoginTest@123ef382]" started-at="2025-07-03T21:04:17 CEST" name="setUpDriver" finished-at="2025-07-03T21:04:19 CEST" duration-ms="1946" status="PASS">
          <params>
            <param index="0">
              <value>
                <![CDATA[chrome]]>
              </value>
            </param>
          </params>
          <reporter-output>
          </reporter-output>
        </test-method> <!-- setUpDriver -->
        <test-method signature="verifyLoginPageHeader()[pri:2, instance:tests.LoginTest@123ef382]" started-at="2025-07-03T21:04:19 CEST" name="verifyLoginPageHeader" finished-at="2025-07-03T21:04:19 CEST" duration-ms="55" status="PASS">
          <reporter-output>
          </reporter-output>
        </test-method> <!-- verifyLoginPageHeader -->
        <test-method is-config="true" signature="tearDown()[pri:0, instance:tests.LoginTest@123ef382]" started-at="2025-07-03T21:04:19 CEST" name="tearDown" finished-at="2025-07-03T21:04:19 CEST" duration-ms="294" status="PASS">
          <reporter-output>
          </reporter-output>
        </test-method> <!-- tearDown -->
        <test-method is-config="true" signature="setUpDriver(java.lang.String)[pri:0, instance:tests.LoginTest@123ef382]" started-at="2025-07-03T21:04:19 CEST" name="setUpDriver" finished-at="2025-07-03T21:04:22 CEST" duration-ms="2514" status="PASS">
          <params>
            <param index="0">
              <value>
                <![CDATA[chrome]]>
              </value>
            </param>
          </params>
          <reporter-output>
          </reporter-output>
        </test-method> <!-- setUpDriver -->
        <test-method signature="verifyLoginPage()[pri:3, instance:tests.LoginTest@123ef382]" started-at="2025-07-03T21:04:22 CEST" name="verifyLoginPage" finished-at="2025-07-03T21:04:22 CEST" duration-ms="817" status="PASS">
          <reporter-output>
          </reporter-output>
        </test-method> <!-- verifyLoginPage -->
        <test-method is-config="true" signature="tearDown()[pri:0, instance:tests.LoginTest@123ef382]" started-at="2025-07-03T21:04:22 CEST" name="tearDown" finished-at="2025-07-03T21:04:23 CEST" duration-ms="250" status="PASS">
          <reporter-output>
          </reporter-output>
        </test-method> <!-- tearDown -->
      </class> <!-- tests.LoginTest -->
    </test> <!-- ChromeTests -->
    <test started-at="2025-07-03T21:04:13 CEST" name="FirefoxTests" finished-at="2025-07-03T21:04:35 CEST" duration-ms="21970">
      <class name="tests.LoginTest">
        <test-method is-config="true" signature="setUpDriver(java.lang.String)[pri:0, instance:tests.LoginTest@4efbca5a]" started-at="2025-07-03T21:04:13 CEST" name="setUpDriver" finished-at="2025-07-03T21:04:21 CEST" duration-ms="7646" status="PASS">
          <params>
            <param index="0">
              <value>
                <![CDATA[firefox]]>
              </value>
            </param>
          </params>
          <reporter-output>
          </reporter-output>
        </test-method> <!-- setUpDriver -->
        <test-method signature="verfiyPageTitle()[pri:1, instance:tests.LoginTest@4efbca5a]" started-at="2025-07-03T21:04:21 CEST" name="verfiyPageTitle" finished-at="2025-07-03T21:04:21 CEST" duration-ms="5" status="PASS">
          <reporter-output>
          </reporter-output>
        </test-method> <!-- verfiyPageTitle -->
        <test-method is-config="true" signature="tearDown()[pri:0, instance:tests.LoginTest@4efbca5a]" started-at="2025-07-03T21:04:21 CEST" name="tearDown" finished-at="2025-07-03T21:04:22 CEST" duration-ms="1629" status="PASS">
          <reporter-output>
          </reporter-output>
        </test-method> <!-- tearDown -->
        <test-method is-config="true" signature="setUpDriver(java.lang.String)[pri:0, instance:tests.LoginTest@4efbca5a]" started-at="2025-07-03T21:04:22 CEST" name="setUpDriver" finished-at="2025-07-03T21:04:27 CEST" duration-ms="4894" status="PASS">
          <params>
            <param index="0">
              <value>
                <![CDATA[firefox]]>
              </value>
            </param>
          </params>
          <reporter-output>
          </reporter-output>
        </test-method> <!-- setUpDriver -->
        <test-method signature="verifyLoginPageHeader()[pri:2, instance:tests.LoginTest@4efbca5a]" started-at="2025-07-03T21:04:27 CEST" name="verifyLoginPageHeader" finished-at="2025-07-03T21:04:27 CEST" duration-ms="34" status="PASS">
          <reporter-output>
          </reporter-output>
        </test-method> <!-- verifyLoginPageHeader -->
        <test-method is-config="true" signature="tearDown()[pri:0, instance:tests.LoginTest@4efbca5a]" started-at="2025-07-03T21:04:27 CEST" name="tearDown" finished-at="2025-07-03T21:04:29 CEST" duration-ms="1222" status="PASS">
          <reporter-output>
          </reporter-output>
        </test-method> <!-- tearDown -->
        <test-method is-config="true" signature="setUpDriver(java.lang.String)[pri:0, instance:tests.LoginTest@4efbca5a]" started-at="2025-07-03T21:04:29 CEST" name="setUpDriver" finished-at="2025-07-03T21:04:33 CEST" duration-ms="4673" status="PASS">
          <params>
            <param index="0">
              <value>
                <![CDATA[firefox]]>
              </value>
            </param>
          </params>
          <reporter-output>
          </reporter-output>
        </test-method> <!-- setUpDriver -->
        <test-method signature="verifyLoginPage()[pri:3, instance:tests.LoginTest@4efbca5a]" started-at="2025-07-03T21:04:33 CEST" name="verifyLoginPage" finished-at="2025-07-03T21:04:34 CEST" duration-ms="693" status="PASS">
          <reporter-output>
          </reporter-output>
        </test-method> <!-- verifyLoginPage -->
        <test-method is-config="true" signature="tearDown()[pri:0, instance:tests.LoginTest@4efbca5a]" started-at="2025-07-03T21:04:34 CEST" name="tearDown" finished-at="2025-07-03T21:04:35 CEST" duration-ms="1130" status="PASS">
          <reporter-output>
          </reporter-output>
        </test-method> <!-- tearDown -->
      </class> <!-- tests.LoginTest -->
    </test> <!-- FirefoxTests -->
  </suite> <!-- CrossBrowserUITests -->
</testng-results>
